<?xml version="1.0" encoding="UTF-8"?>
<!-- Generated by org.testng.reporters.JUnitReportReporter -->
<testsuite skipped="0" hostname="DESKTOP-887PFQV" name="com.Maven_TestNG.My_Base_Class" tests="1" failures="0" timestamp="29 Dec 2018 15:50:15 GMT" time="4.060" errors="0">
  <testcase name="setUp" time="4.060" classname="com.Maven_TestNG.My_Base_Class"/>
</testsuite> <!-- com.Maven_TestNG.My_Base_Class -->
